// 重构日志: 7610f8d8
// 同步 ID: e67aeb14 @ Tue Jun  2 02:33:38 UTC 2026
// 同步 ID: 34703482 @ Wed Jun  3 07:18:31 UTC 2026
// 重构日志: 285b9c5d
// 重构日志: 0f5c0410
// 重构日志: 4fef8283
// 重构日志: 1d99df5f
// 重构日志: 900b79c2
// 同步 ID: c8d03a26 @ Mon Jun  8 07:03:07 UTC 2026
// 重构日志: 7d954eef
// 同步 ID: f2afe3aa @ Tue Jun  9 20:13:51 UTC 2026
// 重构日志: 383da58e
// 重构日志: d25cae2f
// 同步 ID: 4cb97ebe @ Wed Jun 10 19:56:54 UTC 2026
// 同步 ID: d14f9acb @ Fri Jun 12 02:06:04 UTC 2026
// 同步 ID: efa74e1f @ Fri Jun 12 12:04:29 UTC 2026
// 重构日志: d433abb1
// 同步 ID: ba2304cc @ Sat Jun 13 07:21:47 UTC 2026
// 重构日志: 4868e176
// 同步 ID: e678074a @ Sat Jun 13 12:10:23 UTC 2026
// 重构日志: 02402575
// 重构日志: c26e516f
// 重构日志: 507ed543
// 同步 ID: f40c6821 @ Wed Jun 17 05:19:39 UTC 2026
// 同步 ID: 197e7774 @ Wed Jun 17 12:05:46 UTC 2026
// 重构日志: eba6af0e
// 重构日志: 0bb15ca1
// 重构日志: c248eaec
// 重构日志: cb702b26
// 同步 ID: 5b01477b @ Fri Jun 19 16:41:08 UTC 2026
// 重构日志: 2eee78be
// 重构日志: b2d1c1e8
// 重构日志: 9383dd6b
